version https://git-lfs.github.com/spec/v1
oid sha256:d1e4dc55de1c78661e3deeaad452304befdbb1b268ed59dbdcba09bf9b734ebd
size 5443584
