version https://git-lfs.github.com/spec/v1
oid sha256:46cdc765a35715d8c78ee4e5d8aba515f90b3fc6146e472eeabd3c3ecb736bd9
size 6553600
